================================================================
  Vivado(TM) HLS - High-Level Synthesis from C, C++ and SystemC
  Version 2016.2
  Build 1577090 on Thu Jun 02 16:59:10 MDT 2016
  Copyright (C) 1986-2016 Xilinx, Inc. All Rights Reserved.
================================================================
INFO: [HLS 200-10] Running '/opt/xilinx/xilinx_2016.2/Vivado_HLS/2016.2/bin/unwrapped/lnx64.o/vivado_hls'
INFO: [HLS 200-10] For user 'daw268' on host 'en-ec-ecelinux-08.coecis.cornell.edu' (Linux_x86_64 version 3.10.0-862.11.6.el7.x86_64) on Thu Nov 29 20:24:05 EST 2018
INFO: [HLS 200-10] On os "Red Hat Enterprise Linux Server release 7.5 (Maipo)"
INFO: [HLS 200-10] In directory '/home/daw268/ECE5775/SuperAwesomeFastCryptoHLSAcceleratorThing/sha'
run.tcl can't be opened.
couldn't read file "run.tcl": no such file or directory
    while executing
"source run.tcl"
    invoked from within
"hls::main run.tcl"
    ("uplevel" body line 1)
    invoked from within
"uplevel 1 hls::main {*}$args"
    (procedure "hls_proc" line 5)
    invoked from within
"hls_proc $argv"
